#! /usr/bin/vvp
:ivl_version "11.0 (stable)";
:ivl_delay_selection "TYPICAL";
:vpi_time_precision + 0;
:vpi_module "/usr/lib/x86_64-linux-gnu/ivl/system.vpi";
:vpi_module "/usr/lib/x86_64-linux-gnu/ivl/vhdl_sys.vpi";
:vpi_module "/usr/lib/x86_64-linux-gnu/ivl/vhdl_textio.vpi";
:vpi_module "/usr/lib/x86_64-linux-gnu/ivl/v2005_math.vpi";
:vpi_module "/usr/lib/x86_64-linux-gnu/ivl/va_math.vpi";
S_0x577dc4c3d350 .scope module, "tb_interface" "tb_interface" 2 4;
 .timescale 0 0;
v0x577dc4c55220_0 .var "clk", 0 0;
v0x577dc4c552c0_0 .var "counter", 15 0;
v0x577dc4c55380 .array "data", 10 0, 15 0;
v0x577dc4c55450_0 .var "data_in", 15 0;
v0x577dc4c55540_0 .var "rst", 0 0;
S_0x577dc4c3d4e0 .scope module, "interface" "interface" 2 10, 3 1 0, S_0x577dc4c3d350;
 .timescale 0 0;
    .port_info 0 /INPUT 1 "clk";
    .port_info 1 /INPUT 1 "rst";
    .port_info 2 /INPUT 16 "data";
v0x577dc4bfd7b0_0 .var "buffer0", 9 0;
v0x577dc4bfdba0_0 .var "buffer1", 9 0;
v0x577dc4c54bd0_0 .var "buffer_aux", 9 0;
v0x577dc4c54c90_0 .net "clk", 0 0, v0x577dc4c55220_0;  1 drivers
v0x577dc4c54d50_0 .var "counter", 2 0;
v0x577dc4c54e80_0 .net "data", 15 0, v0x577dc4c55450_0;  1 drivers
v0x577dc4c54f60_0 .net "rst", 0 0, v0x577dc4c55540_0;  1 drivers
v0x577dc4c55020_0 .var "valid_data0", 0 0;
v0x577dc4c550e0_0 .var "valid_data1", 0 0;
E_0x577dc4c35930 .event posedge, v0x577dc4c54c90_0;
    .scope S_0x577dc4c3d4e0;
T_0 ;
    %wait E_0x577dc4c35930;
    %load/vec4 v0x577dc4c54f60_0;
    %flag_set/vec4 8;
    %jmp/0xz  T_0.0, 8;
    %pushi/vec4 0, 0, 10;
    %assign/vec4 v0x577dc4bfd7b0_0, 0;
    %pushi/vec4 0, 0, 10;
    %assign/vec4 v0x577dc4bfdba0_0, 0;
    %pushi/vec4 0, 0, 10;
    %assign/vec4 v0x577dc4c54bd0_0, 0;
    %pushi/vec4 0, 0, 1;
    %assign/vec4 v0x577dc4c55020_0, 0;
    %pushi/vec4 0, 0, 1;
    %assign/vec4 v0x577dc4c550e0_0, 0;
    %pushi/vec4 0, 0, 3;
    %assign/vec4 v0x577dc4c54d50_0, 0;
    %jmp T_0.1;
T_0.0 ;
    %load/vec4 v0x577dc4c54d50_0;
    %cmpi/e 0, 0, 3;
    %jmp/0xz  T_0.2, 4;
    %load/vec4 v0x577dc4c54e80_0;
    %parti/s 10, 0, 2;
    %assign/vec4 v0x577dc4bfd7b0_0, 0;
    %load/vec4 v0x577dc4c54e80_0;
    %parti/s 6, 10, 5;
    %pad/u 10;
    %assign/vec4 v0x577dc4bfdba0_0, 0;
    %pushi/vec4 1, 0, 1;
    %assign/vec4 v0x577dc4c55020_0, 0;
    %pushi/vec4 0, 0, 1;
    %assign/vec4 v0x577dc4c550e0_0, 0;
    %load/vec4 v0x577dc4c54d50_0;
    %addi 1, 0, 3;
    %assign/vec4 v0x577dc4c54d50_0, 0;
T_0.2 ;
    %load/vec4 v0x577dc4c54d50_0;
    %cmpi/e 1, 0, 3;
    %jmp/0xz  T_0.4, 4;
    %load/vec4 v0x577dc4c54e80_0;
    %parti/s 10, 4, 4;
    %assign/vec4 v0x577dc4bfd7b0_0, 0;
    %load/vec4 v0x577dc4c54e80_0;
    %parti/s 4, 0, 2;
    %ix/load 4, 6, 0;
    %ix/load 5, 0, 0;
    %flag_set/imm 4, 0;
    %assign/vec4/off/d v0x577dc4bfdba0_0, 4, 5;
    %load/vec4 v0x577dc4c54e80_0;
    %parti/s 2, 14, 5;
    %pad/u 10;
    %assign/vec4 v0x577dc4c54bd0_0, 0;
    %pushi/vec4 1, 0, 1;
    %assign/vec4 v0x577dc4c55020_0, 0;
    %pushi/vec4 1, 0, 1;
    %assign/vec4 v0x577dc4c550e0_0, 0;
    %load/vec4 v0x577dc4c54d50_0;
    %addi 1, 0, 3;
    %assign/vec4 v0x577dc4c54d50_0, 0;
T_0.4 ;
    %load/vec4 v0x577dc4c54d50_0;
    %cmpi/e 2, 0, 3;
    %jmp/0xz  T_0.6, 4;
    %load/vec4 v0x577dc4c54e80_0;
    %parti/s 8, 8, 5;
    %pad/u 10;
    %assign/vec4 v0x577dc4bfd7b0_0, 0;
    %load/vec4 v0x577dc4c54e80_0;
    %parti/s 8, 0, 2;
    %load/vec4 v0x577dc4c54bd0_0;
    %parti/s 2, 0, 2;
    %concat/vec4; draw_concat_vec4
    %assign/vec4 v0x577dc4bfdba0_0, 0;
    %pushi/vec4 0, 0, 1;
    %assign/vec4 v0x577dc4c55020_0, 0;
    %pushi/vec4 1, 0, 1;
    %assign/vec4 v0x577dc4c550e0_0, 0;
    %load/vec4 v0x577dc4c54d50_0;
    %addi 1, 0, 3;
    %assign/vec4 v0x577dc4c54d50_0, 0;
T_0.6 ;
    %load/vec4 v0x577dc4c54d50_0;
    %cmpi/e 3, 0, 3;
    %jmp/0xz  T_0.8, 4;
    %load/vec4 v0x577dc4c54e80_0;
    %parti/s 2, 0, 2;
    %pad/u 3;
    %ix/load 4, 8, 0;
    %ix/load 5, 0, 0;
    %flag_set/imm 4, 0;
    %assign/vec4/off/d v0x577dc4bfd7b0_0, 4, 5;
    %load/vec4 v0x577dc4c54e80_0;
    %parti/s 10, 2, 3;
    %assign/vec4 v0x577dc4bfdba0_0, 0;
    %load/vec4 v0x577dc4c54e80_0;
    %parti/s 4, 12, 5;
    %pad/u 10;
    %assign/vec4 v0x577dc4c54bd0_0, 0;
    %pushi/vec4 1, 0, 1;
    %assign/vec4 v0x577dc4c55020_0, 0;
    %pushi/vec4 1, 0, 1;
    %assign/vec4 v0x577dc4c550e0_0, 0;
    %load/vec4 v0x577dc4c54d50_0;
    %addi 1, 0, 3;
    %assign/vec4 v0x577dc4c54d50_0, 0;
T_0.8 ;
    %load/vec4 v0x577dc4c54d50_0;
    %cmpi/e 4, 0, 3;
    %jmp/0xz  T_0.10, 4;
    %load/vec4 v0x577dc4c54bd0_0;
    %load/vec4 v0x577dc4c54e80_0;
    %parti/s 6, 0, 2;
    %concat/vec4; draw_concat_vec4
    %pad/u 10;
    %assign/vec4 v0x577dc4bfd7b0_0, 0;
    %load/vec4 v0x577dc4c54e80_0;
    %parti/s 10, 6, 4;
    %assign/vec4 v0x577dc4bfdba0_0, 0;
    %pushi/vec4 1, 0, 1;
    %assign/vec4 v0x577dc4c55020_0, 0;
    %pushi/vec4 1, 0, 1;
    %assign/vec4 v0x577dc4c550e0_0, 0;
    %pushi/vec4 0, 0, 3;
    %assign/vec4 v0x577dc4c54d50_0, 0;
T_0.10 ;
T_0.1 ;
    %jmp T_0;
    .thread T_0;
    .scope S_0x577dc4c3d350;
T_1 ;
    %vpi_call 2 19 "$readmemb", "test.bin", v0x577dc4c55380 {0 0 0};
    %vpi_call 2 20 "$dumpfile", "tb_interface_modified.vcd" {0 0 0};
    %vpi_call 2 21 "$dumpvars", 32'sb00000000000000000000000000000000, S_0x577dc4c3d350 {0 0 0};
    %pushi/vec4 0, 0, 1;
    %store/vec4 v0x577dc4c55220_0, 0, 1;
    %pushi/vec4 1, 0, 1;
    %store/vec4 v0x577dc4c55540_0, 0, 1;
    %pushi/vec4 0, 0, 16;
    %store/vec4 v0x577dc4c55450_0, 0, 16;
    %pushi/vec4 0, 0, 16;
    %store/vec4 v0x577dc4c552c0_0, 0, 16;
    %end;
    .thread T_1;
    .scope S_0x577dc4c3d350;
T_2 ;
    %wait E_0x577dc4c35930;
    %pushi/vec4 0, 0, 1;
    %assign/vec4 v0x577dc4c55540_0, 0;
    %ix/getv 4, v0x577dc4c552c0_0;
    %load/vec4a v0x577dc4c55380, 4;
    %assign/vec4 v0x577dc4c55450_0, 0;
    %load/vec4 v0x577dc4c552c0_0;
    %addi 1, 0, 16;
    %assign/vec4 v0x577dc4c552c0_0, 0;
    %load/vec4 v0x577dc4c552c0_0;
    %cmpi/e 8, 0, 16;
    %jmp/0xz  T_2.0, 4;
    %vpi_call 2 35 "$finish" {0 0 0};
T_2.0 ;
    %jmp T_2;
    .thread T_2;
    .scope S_0x577dc4c3d350;
T_3 ;
    %delay 2, 0;
    %load/vec4 v0x577dc4c55220_0;
    %inv;
    %store/vec4 v0x577dc4c55220_0, 0, 1;
    %jmp T_3;
    .thread T_3;
# The file index is used to find the file name in the following table.
:file_names 4;
    "N/A";
    "<interactive>";
    "testbench.v";
    "./interface_modified.v";
